1228728429694111745
1228728429694111745
1228728429694111745
1228728429694111745
1228728429694111745
1228728429694111745
1228728429694111745
1228728429694111745
1228728429694111745
1228728429694111745
1228728429694111745
1228728429694111745
1228728429694111745
1228728429694111745
1228728429694111745
1228728429694111745
1228728429694111745
1228728429694111745
1228728429694111745
1228728429694111745
1228728429694111745
1228728429694111745
1228728429694111745
1228728429694111745
1228728429694111745
1228728429694111745
1228728429694111745
1228728429694111745
1228728429694111745
1228728429694111745
1228728429694111745
1228728429694111745
1228728429694111745
1228728429694111745
1228728429694111745
1228728429694111745
1228728429694111745
1228728429694111745
1228728429694111745
1228728429694111745
1228728429694111745
1228728429694111745
1228728429694111745
1228728429694111745
1228728429694111745
1228728429694111745
1228728429694111745
1228728429694111745
1228728429694111745
1228728429694111745
1228728429694111745
1228728429694111745
1228728429694111745
1228728429694111745
1228728429694111745
1228728429694111745
1228728429694111745
1228728429694111745
1228728429694111745
1228728429694111745
1228728429694111745
1228728429694111745
1228728429694111745
1228728429694111745
1228728429694111745
1228728429694111745
1228728429694111745
1228728429694111745
1228728429694111745
1228728429694111745
1228728429694111745
1228728429694111745
1228728429694111745
1228728429694111745
1228728429694111745
1228728429694111745
1228728429694111745
1228728429694111745
1228728429694111745
1228728429694111745
1228728429694111745
1228728429694111745
1228728429694111745
1228728429694111745
1228728429694111745
1228728429694111745
1228728429694111745
1228728429694111745
1228728429694111745
1228728429694111745
1228728429694111745
1228728429694111745
1228728429694111745
1228728429694111745
1228728429694111745
1228728429694111745
1228728429694111745
1228728429694111745
1228728429694111745
1228728429694111234